::1 - - [09/May/2019:04:04:26 +0000] "GET / HTTP/1.1" 200 12 "-" "Mozilla/5.0 (Macintosh; Intel Mac OS X 10_14_4) AppleWebKit/537.36 (KHTML, like Gecko) Chrome/72.0.3626.109 Safari/537.36"
::1 - - [09/May/2019:04:04:27 +0000] "GET /favicon.ico HTTP/1.1" 404 150 "http://localhost:8080/" "Mozilla/5.0 (Macintosh; Intel Mac OS X 10_14_4) AppleWebKit/537.36 (KHTML, like Gecko) Chrome/72.0.3626.109 Safari/537.36"
::1 - - [09/May/2019:04:04:29 +0000] "GET / HTTP/1.1" 304 - "-" "Mozilla/5.0 (Macintosh; Intel Mac OS X 10_14_4) AppleWebKit/537.36 (KHTML, like Gecko) Chrome/72.0.3626.109 Safari/537.36"
::1 - - [09/May/2019:04:04:33 +0000] "GET /places HTTP/1.1" 404 145 "-" "Mozilla/5.0 (Macintosh; Intel Mac OS X 10_14_4) AppleWebKit/537.36 (KHTML, like Gecko) Chrome/72.0.3626.109 Safari/537.36"
::1 - - [09/May/2019:04:05:23 +0000] "GET /places HTTP/1.1" 404 145 "-" "Mozilla/5.0 (Macintosh; Intel Mac OS X 10_14_4) AppleWebKit/537.36 (KHTML, like Gecko) Chrome/72.0.3626.109 Safari/537.36"
::1 - - [09/May/2019:04:05:35 +0000] "GET /places HTTP/1.1" 404 145 "-" "Mozilla/5.0 (Macintosh; Intel Mac OS X 10_14_4) AppleWebKit/537.36 (KHTML, like Gecko) Chrome/72.0.3626.109 Safari/537.36"
::1 - - [09/May/2019:04:05:37 +0000] "GET /places HTTP/1.1" 404 145 "-" "Mozilla/5.0 (Macintosh; Intel Mac OS X 10_14_4) AppleWebKit/537.36 (KHTML, like Gecko) Chrome/72.0.3626.109 Safari/537.36"
::1 - - [09/May/2019:04:05:38 +0000] "GET /places HTTP/1.1" 404 145 "-" "Mozilla/5.0 (Macintosh; Intel Mac OS X 10_14_4) AppleWebKit/537.36 (KHTML, like Gecko) Chrome/72.0.3626.109 Safari/537.36"
::1 - - [09/May/2019:04:06:22 +0000] "GET /places HTTP/1.1" 404 145 "-" "Mozilla/5.0 (Macintosh; Intel Mac OS X 10_14_4) AppleWebKit/537.36 (KHTML, like Gecko) Chrome/72.0.3626.109 Safari/537.36"
::1 - - [09/May/2019:04:06:38 +0000] "GET /places HTTP/1.1" 404 145 "-" "Mozilla/5.0 (Macintosh; Intel Mac OS X 10_14_4) AppleWebKit/537.36 (KHTML, like Gecko) Chrome/72.0.3626.109 Safari/537.36"
::1 - - [09/May/2019:04:07:02 +0000] "GET /places HTTP/1.1" 404 145 "-" "Mozilla/5.0 (Macintosh; Intel Mac OS X 10_14_4) AppleWebKit/537.36 (KHTML, like Gecko) Chrome/72.0.3626.109 Safari/537.36"
::1 - - [09/May/2019:04:07:04 +0000] "GET /places HTTP/1.1" 404 145 "-" "Mozilla/5.0 (Macintosh; Intel Mac OS X 10_14_4) AppleWebKit/537.36 (KHTML, like Gecko) Chrome/72.0.3626.109 Safari/537.36"
::1 - - [09/May/2019:04:08:26 +0000] "GET /places HTTP/1.1" 404 145 "-" "Mozilla/5.0 (Macintosh; Intel Mac OS X 10_14_4) AppleWebKit/537.36 (KHTML, like Gecko) Chrome/72.0.3626.109 Safari/537.36"
::1 - - [09/May/2019:04:10:23 +0000] "GET /places HTTP/1.1" 404 145 "-" "Mozilla/5.0 (Macintosh; Intel Mac OS X 10_14_4) AppleWebKit/537.36 (KHTML, like Gecko) Chrome/72.0.3626.109 Safari/537.36"
::1 - - [09/May/2019:04:10:24 +0000] "GET /places HTTP/1.1" 404 145 "-" "Mozilla/5.0 (Macintosh; Intel Mac OS X 10_14_4) AppleWebKit/537.36 (KHTML, like Gecko) Chrome/72.0.3626.109 Safari/537.36"
::1 - - [09/May/2019:04:10:24 +0000] "GET /places HTTP/1.1" 404 145 "-" "Mozilla/5.0 (Macintosh; Intel Mac OS X 10_14_4) AppleWebKit/537.36 (KHTML, like Gecko) Chrome/72.0.3626.109 Safari/537.36"
::1 - - [09/May/2019:04:10:24 +0000] "GET /places HTTP/1.1" 404 145 "-" "Mozilla/5.0 (Macintosh; Intel Mac OS X 10_14_4) AppleWebKit/537.36 (KHTML, like Gecko) Chrome/72.0.3626.109 Safari/537.36"
::1 - - [09/May/2019:04:42:54 +0000] "GET /places HTTP/1.1" 404 145 "-" "Mozilla/5.0 (Macintosh; Intel Mac OS X 10_14_4) AppleWebKit/537.36 (KHTML, like Gecko) Chrome/72.0.3626.109 Safari/537.36"
::1 - - [09/May/2019:04:42:55 +0000] "GET /places HTTP/1.1" 404 145 "-" "Mozilla/5.0 (Macintosh; Intel Mac OS X 10_14_4) AppleWebKit/537.36 (KHTML, like Gecko) Chrome/72.0.3626.109 Safari/537.36"
::1 - - [09/May/2019:04:42:57 +0000] "GET / HTTP/1.1" 304 - "-" "Mozilla/5.0 (Macintosh; Intel Mac OS X 10_14_4) AppleWebKit/537.36 (KHTML, like Gecko) Chrome/72.0.3626.109 Safari/537.36"
::1 - - [09/May/2019:05:00:01 +0000] "GET /places HTTP/1.1" 404 145 "-" "PostmanRuntime/7.6.0"
::1 - - [09/May/2019:05:00:08 +0000] "POST /places HTTP/1.1" 200 45 "-" "PostmanRuntime/7.6.0"
::1 - - [09/May/2019:05:00:41 +0000] "POST /places HTTP/1.1" 200 51 "-" "PostmanRuntime/7.6.0"
::1 - - [09/May/2019:21:19:33 +0000] "GET / HTTP/1.1" 304 - "-" "Mozilla/5.0 (Macintosh; Intel Mac OS X 10_14_4) AppleWebKit/537.36 (KHTML, like Gecko) Chrome/72.0.3626.109 Safari/537.36"
